{"C:\\Users\\philr\\Desktop\\tech exam\\finestar-apparel\\src\\components\\Button.tsx": {"path":"C:\\Users\\philr\\Desktop\\tech exam\\finestar-apparel\\src\\components\\Button.tsx","statementMap":{"0":{"start":{"line":3,"column":0},"end":{"line":3,"column":30}},"1":{"start":{"line":5,"column":32},"end":{"line":51,"column":1}},"2":{"start":{"line":13,"column":15},"end":{"line":13,"column":20}},"3":{"start":{"line":14,"column":23},"end":{"line":14,"column":39}},"4":{"start":{"line":15,"column":2},"end":{"line":50,"column":4}},"5":{"start":{"line":53,"column":0},"end":{"line":53,"column":22}}},"fnMap":{"0":{"name":"(anonymous_0)","decl":{"start":{"line":5,"column":32},"end":{"line":5,"column":33}},"loc":{"start":{"line":12,"column":5},"end":{"line":51,"column":1}}}},"branchMap":{"0":{"loc":{"start":{"line":6,"column":2},"end":{"line":6,"column":21}},"type":"default-arg","locations":[{"start":{"line":6,"column":12},"end":{"line":6,"column":21}}]},"1":{"loc":{"start":{"line":8,"column":2},"end":{"line":8,"column":16}},"type":"default-arg","locations":[{"start":{"line":8,"column":14},"end":{"line":8,"column":16}}]},"2":{"loc":{"start":{"line":9,"column":2},"end":{"line":9,"column":17}},"type":"default-arg","locations":[{"start":{"line":9,"column":12},"end":{"line":9,"column":17}}]},"3":{"loc":{"start":{"line":18,"column":16},"end":{"line":18,"column":35}},"type":"binary-expr","locations":[{"start":{"line":18,"column":16},"end":{"line":18,"column":23}},{"start":{"line":18,"column":27},"end":{"line":18,"column":35}}]},"4":{"loc":{"start":{"line":21,"column":7},"end":{"line":47,"column":14}},"type":"cond-expr","locations":[{"start":{"line":22,"column":8},"end":{"line":45,"column":null}},{"start":{"line":47,"column":10},"end":{"line":47,"column":14}}]}},"s":{"0":7,"1":7,"2":65,"3":65,"4":65,"5":7},"f":{"0":65},"b":{"0":[3],"1":[65],"2":[48],"3":[65,62],"4":[3,62]}}
,"C:\\Users\\philr\\Desktop\\tech exam\\finestar-apparel\\src\\components\\Cart.tsx": {"path":"C:\\Users\\philr\\Desktop\\tech exam\\finestar-apparel\\src\\components\\Cart.tsx","statementMap":{"0":{"start":{"line":1,"column":0},"end":{"line":1,"column":55}},"1":{"start":{"line":2,"column":0},"end":{"line":2,"column":47}},"2":{"start":{"line":3,"column":0},"end":{"line":3,"column":55}},"3":{"start":{"line":5,"column":0},"end":{"line":5,"column":58}},"4":{"start":{"line":6,"column":0},"end":{"line":6,"column":28}},"5":{"start":{"line":8,"column":17},"end":{"line":191,"column":1}},"6":{"start":{"line":9,"column":20},"end":{"line":9,"column":71}},"7":{"start":{"line":9,"column":54},"end":{"line":9,"column":70}},"8":{"start":{"line":10,"column":19},"end":{"line":10,"column":45}},"9":{"start":{"line":12,"column":40},"end":{"line":12,"column":69}},"10":{"start":{"line":13,"column":48},"end":{"line":13,"column":63}},"11":{"start":{"line":15,"column":23},"end":{"line":30,"column":27}},"12":{"start":{"line":19,"column":4},"end":{"line":19,"column":73}},"13":{"start":{"line":20,"column":20},"end":{"line":26,"column":null}},"14":{"start":{"line":22,"column":8},"end":{"line":25,"column":null}},"15":{"start":{"line":28,"column":4},"end":{"line":28,"column":43}},"16":{"start":{"line":29,"column":4},"end":{"line":29,"column":25}},"17":{"start":{"line":32,"column":31},"end":{"line":47,"column":27}},"18":{"start":{"line":37,"column":4},"end":{"line":37,"column":73}},"19":{"start":{"line":38,"column":20},"end":{"line":43,"column":null}},"20":{"start":{"line":39,"column":6},"end":{"line":43,"column":14}},"21":{"start":{"line":45,"column":4},"end":{"line":45,"column":43}},"22":{"start":{"line":46,"column":4},"end":{"line":46,"column":25}},"23":{"start":{"line":49,"column":19},"end":{"line":49,"column":32}},"24":{"start":{"line":51,"column":28},"end":{"line":56,"column":17}},"25":{"start":{"line":52,"column":4},"end":{"line":55,"column":6}},"26":{"start":{"line":53,"column":23},"end":{"line":53,"column":65}},"27":{"start":{"line":58,"column":25},"end":{"line":69,"column":3}},"28":{"start":{"line":59,"column":4},"end":{"line":59,"column":29}},"29":{"start":{"line":60,"column":4},"end":{"line":68,"column":12}},"30":{"start":{"line":61,"column":6},"end":{"line":61,"column":32}},"31":{"start":{"line":62,"column":6},"end":{"line":67,"column":9}},"32":{"start":{"line":72,"column":18},"end":{"line":78,"column":null}},"33":{"start":{"line":74,"column":6},"end":{"line":74,"column":57}},"34":{"start":{"line":74,"column":32},"end":{"line":74,"column":57}},"35":{"start":{"line":75,"column":6},"end":{"line":75,"column":37}},"36":{"start":{"line":76,"column":6},"end":{"line":76,"column":17}},"37":{"start":{"line":81,"column":2},"end":{"line":190,"column":4}},"38":{"start":{"line":88,"column":12},"end":{"line":88,"column":33}},"39":{"start":{"line":92,"column":18},"end":{"line":98,"column":null}},"40":{"start":{"line":121,"column":26},"end":{"line":124,"column":null}},"41":{"start":{"line":139,"column":37},"end":{"line":139,"column":79}},"42":{"start":{"line":169,"column":40},"end":{"line":169,"column":74}},"43":{"start":{"line":193,"column":0},"end":{"line":193,"column":20}}},"fnMap":{"0":{"name":"(anonymous_0)","decl":{"start":{"line":8,"column":17},"end":{"line":8,"column":20}},"loc":{"start":{"line":8,"column":22},"end":{"line":191,"column":1}}},"1":{"name":"(anonymous_1)","decl":{"start":{"line":9,"column":32},"end":{"line":9,"column":33}},"loc":{"start":{"line":9,"column":54},"end":{"line":9,"column":70}}},"2":{"name":"(anonymous_2)","decl":{"start":{"line":15,"column":35},"end":{"line":15,"column":40}},"loc":{"start":{"line":18,"column":6},"end":{"line":30,"column":3}}},"3":{"name":"(anonymous_3)","decl":{"start":{"line":21,"column":6},"end":{"line":21,"column":7}},"loc":{"start":{"line":22,"column":8},"end":{"line":25,"column":null}}},"4":{"name":"(anonymous_4)","decl":{"start":{"line":32,"column":43},"end":{"line":32,"column":48}},"loc":{"start":{"line":36,"column":6},"end":{"line":47,"column":3}}},"5":{"name":"(anonymous_5)","decl":{"start":{"line":38,"column":34},"end":{"line":38,"column":35}},"loc":{"start":{"line":39,"column":6},"end":{"line":43,"column":14}}},"6":{"name":"(anonymous_6)","decl":{"start":{"line":51,"column":40},"end":{"line":51,"column":43}},"loc":{"start":{"line":51,"column":45},"end":{"line":56,"column":3}}},"7":{"name":"(anonymous_7)","decl":{"start":{"line":53,"column":6},"end":{"line":53,"column":7}},"loc":{"start":{"line":53,"column":23},"end":{"line":53,"column":65}}},"8":{"name":"(anonymous_8)","decl":{"start":{"line":58,"column":25},"end":{"line":58,"column":30}},"loc":{"start":{"line":58,"column":36},"end":{"line":69,"column":3}}},"9":{"name":"(anonymous_9)","decl":{"start":{"line":60,"column":15},"end":{"line":60,"column":18}},"loc":{"start":{"line":60,"column":20},"end":{"line":68,"column":5}}},"10":{"name":"(anonymous_10)","decl":{"start":{"line":73,"column":4},"end":{"line":73,"column":5}},"loc":{"start":{"line":73,"column":18},"end":{"line":77,"column":5}}},"11":{"name":"(anonymous_11)","decl":{"start":{"line":87,"column":39},"end":{"line":87,"column":40}},"loc":{"start":{"line":88,"column":12},"end":{"line":88,"column":33}}},"12":{"name":"(anonymous_12)","decl":{"start":{"line":91,"column":27},"end":{"line":91,"column":28}},"loc":{"start":{"line":92,"column":18},"end":{"line":98,"column":null}}},"13":{"name":"(anonymous_13)","decl":{"start":{"line":120,"column":34},"end":{"line":120,"column":35}},"loc":{"start":{"line":121,"column":26},"end":{"line":124,"column":null}}},"14":{"name":"(anonymous_14)","decl":{"start":{"line":139,"column":31},"end":{"line":139,"column":34}},"loc":{"start":{"line":139,"column":37},"end":{"line":139,"column":79}}},"15":{"name":"(anonymous_15)","decl":{"start":{"line":169,"column":28},"end":{"line":169,"column":29}},"loc":{"start":{"line":169,"column":40},"end":{"line":169,"column":74}}}},"branchMap":{"0":{"loc":{"start":{"line":23,"column":10},"end":{"line":25,"column":46}},"type":"binary-expr","locations":[{"start":{"line":23,"column":10},"end":{"line":23,"column":38}},{"start":{"line":24,"column":10},"end":{"line":24,"column":44}},{"start":{"line":25,"column":10},"end":{"line":25,"column":46}}]},"1":{"loc":{"start":{"line":39,"column":6},"end":{"line":43,"column":14}},"type":"cond-expr","locations":[{"start":{"line":42,"column":10},"end":{"line":42,"column":31}},{"start":{"line":43,"column":10},"end":{"line":43,"column":14}}]},"2":{"loc":{"start":{"line":39,"column":6},"end":{"line":41,"column":42}},"type":"binary-expr","locations":[{"start":{"line":39,"column":6},"end":{"line":39,"column":34}},{"start":{"line":40,"column":6},"end":{"line":40,"column":40}},{"start":{"line":41,"column":6},"end":{"line":41,"column":42}}]},"3":{"loc":{"start":{"line":74,"column":6},"end":{"line":74,"column":57}},"type":"if","locations":[{"start":{"line":74,"column":6},"end":{"line":74,"column":57}},{"start":{},"end":{}}]},"4":{"loc":{"start":{"line":83,"column":7},"end":{"line":187,"column":null}},"type":"cond-expr","locations":[{"start":{"line":84,"column":8},"end":{"line":84,"column":34}},{"start":{"line":86,"column":8},"end":{"line":186,"column":null}}]},"5":{"loc":{"start":{"line":149,"column":23},"end":{"line":156,"column":34}},"type":"cond-expr","locations":[{"start":{"line":155,"column":26},"end":{"line":155,"column":31}},{"start":{"line":156,"column":26},"end":{"line":156,"column":34}}]},"6":{"loc":{"start":{"line":184,"column":15},"end":{"line":184,"column":69}},"type":"cond-expr","locations":[{"start":{"line":184,"column":33},"end":{"line":184,"column":45}},{"start":{"line":184,"column":48},"end":{"line":184,"column":69}}]}},"s":{"0":3,"1":3,"2":3,"3":3,"4":3,"5":3,"6":28,"7":25,"8":25,"9":25,"10":25,"11":25,"12":3,"13":3,"14":3,"15":3,"16":3,"17":25,"18":2,"19":2,"20":2,"21":2,"22":2,"23":25,"24":25,"25":25,"26":25,"27":25,"28":3,"29":3,"30":2,"31":2,"32":25,"33":23,"34":23,"35":23,"36":23,"37":25,"38":23,"39":23,"40":2,"41":3,"42":23,"43":3},"f":{"0":28,"1":25,"2":3,"3":3,"4":2,"5":2,"6":25,"7":25,"8":3,"9":2,"10":23,"11":23,"12":23,"13":2,"14":3,"15":23},"b":{"0":[3,3,3],"1":[2,0],"2":[2,2,2],"3":[23,0],"4":[2,23],"5":[5,18],"6":[3,20]}}
,"C:\\Users\\philr\\Desktop\\tech exam\\finestar-apparel\\src\\components\\Checkout.tsx": {"path":"C:\\Users\\philr\\Desktop\\tech exam\\finestar-apparel\\src\\components\\Checkout.tsx","statementMap":{"0":{"start":{"line":1,"column":0},"end":{"line":1,"column":62}},"1":{"start":{"line":2,"column":0},"end":{"line":2,"column":42}},"2":{"start":{"line":4,"column":0},"end":{"line":4,"column":59}},"3":{"start":{"line":5,"column":0},"end":{"line":5,"column":60}},"4":{"start":{"line":6,"column":0},"end":{"line":6,"column":30}},"5":{"start":{"line":7,"column":0},"end":{"line":7,"column":28}},"6":{"start":{"line":8,"column":0},"end":{"line":8,"column":32}},"7":{"start":{"line":9,"column":0},"end":{"line":9,"column":65}},"8":{"start":{"line":10,"column":0},"end":{"line":10,"column":31}},"9":{"start":{"line":13,"column":27},"end":{"line":126,"column":1}},"10":{"start":{"line":14,"column":19},"end":{"line":14,"column":32}},"11":{"start":{"line":15,"column":19},"end":{"line":15,"column":32}},"12":{"start":{"line":16,"column":43},"end":{"line":16,"column":63}},"13":{"start":{"line":17,"column":28},"end":{"line":17,"column":40}},"14":{"start":{"line":18,"column":40},"end":{"line":18,"column":55}},"15":{"start":{"line":19,"column":36},"end":{"line":19,"column":48}},"16":{"start":{"line":22,"column":24},"end":{"line":33,"column":17}},"17":{"start":{"line":23,"column":4},"end":{"line":23,"column":30}},"18":{"start":{"line":23,"column":20},"end":{"line":23,"column":30}},"19":{"start":{"line":24,"column":17},"end":{"line":24,"column":36}},"20":{"start":{"line":25,"column":4},"end":{"line":32,"column":7}},"21":{"start":{"line":34,"column":19},"end":{"line":34,"column":45}},"22":{"start":{"line":35,"column":32},"end":{"line":35,"column":47}},"23":{"start":{"line":37,"column":19},"end":{"line":37,"column":115}},"24":{"start":{"line":37,"column":34},"end":{"line":37,"column":94}},"25":{"start":{"line":38,"column":21},"end":{"line":38,"column":77}},"26":{"start":{"line":38,"column":35},"end":{"line":38,"column":54}},"27":{"start":{"line":40,"column":27},"end":{"line":50,"column":16}},"28":{"start":{"line":41,"column":4},"end":{"line":41,"column":21}},"29":{"start":{"line":43,"column":4},"end":{"line":49,"column":13}},"30":{"start":{"line":44,"column":6},"end":{"line":44,"column":27}},"31":{"start":{"line":45,"column":6},"end":{"line":45,"column":48}},"32":{"start":{"line":46,"column":6},"end":{"line":46,"column":39}},"33":{"start":{"line":47,"column":6},"end":{"line":47,"column":24}},"34":{"start":{"line":48,"column":6},"end":{"line":48,"column":50}},"35":{"start":{"line":52,"column":2},"end":{"line":87,"column":3}},"36":{"start":{"line":53,"column":4},"end":{"line":86,"column":6}},"37":{"start":{"line":65,"column":12},"end":{"line":77,"column":14}},"38":{"start":{"line":70,"column":56},"end":{"line":76,"column":16}},"39":{"start":{"line":82,"column":49},"end":{"line":82,"column":62}},"40":{"start":{"line":89,"column":2},"end":{"line":125,"column":4}},"41":{"start":{"line":95,"column":12},"end":{"line":95,"column":null}},"42":{"start":{"line":107,"column":29},"end":{"line":107,"column":53}},"43":{"start":{"line":128,"column":0},"end":{"line":128,"column":24}}},"fnMap":{"0":{"name":"(anonymous_1)","decl":{"start":{"line":13,"column":27},"end":{"line":13,"column":30}},"loc":{"start":{"line":13,"column":32},"end":{"line":126,"column":1}}},"1":{"name":"(anonymous_2)","decl":{"start":{"line":22,"column":32},"end":{"line":22,"column":35}},"loc":{"start":{"line":22,"column":37},"end":{"line":33,"column":3}}},"2":{"name":"(anonymous_3)","decl":{"start":{"line":37,"column":27},"end":{"line":37,"column":30}},"loc":{"start":{"line":37,"column":34},"end":{"line":37,"column":94}}},"3":{"name":"(anonymous_4)","decl":{"start":{"line":38,"column":29},"end":{"line":38,"column":32}},"loc":{"start":{"line":38,"column":35},"end":{"line":38,"column":54}}},"4":{"name":"(anonymous_5)","decl":{"start":{"line":40,"column":39},"end":{"line":40,"column":44}},"loc":{"start":{"line":40,"column":50},"end":{"line":50,"column":3}}},"5":{"name":"(anonymous_6)","decl":{"start":{"line":43,"column":15},"end":{"line":43,"column":20}},"loc":{"start":{"line":43,"column":26},"end":{"line":49,"column":5}}},"6":{"name":"(anonymous_7)","decl":{"start":{"line":64,"column":19},"end":{"line":64,"column":22}},"loc":{"start":{"line":65,"column":12},"end":{"line":77,"column":14}}},"7":{"name":"(anonymous_8)","decl":{"start":{"line":70,"column":35},"end":{"line":70,"column":36}},"loc":{"start":{"line":70,"column":56},"end":{"line":76,"column":16}}},"8":{"name":"(anonymous_9)","decl":{"start":{"line":82,"column":43},"end":{"line":82,"column":46}},"loc":{"start":{"line":82,"column":49},"end":{"line":82,"column":62}}},"9":{"name":"(anonymous_10)","decl":{"start":{"line":94,"column":25},"end":{"line":94,"column":26}},"loc":{"start":{"line":95,"column":12},"end":{"line":95,"column":null}}},"10":{"name":"(anonymous_11)","decl":{"start":{"line":107,"column":22},"end":{"line":107,"column":23}},"loc":{"start":{"line":107,"column":29},"end":{"line":107,"column":53}}}},"branchMap":{"0":{"loc":{"start":{"line":16,"column":10},"end":{"line":16,"column":24}},"type":"default-arg","locations":[{"start":{"line":16,"column":22},"end":{"line":16,"column":24}}]},"1":{"loc":{"start":{"line":16,"column":26},"end":{"line":16,"column":38}},"type":"default-arg","locations":[{"start":{"line":16,"column":37},"end":{"line":16,"column":38}}]},"2":{"loc":{"start":{"line":16,"column":43},"end":{"line":16,"column":63}},"type":"binary-expr","locations":[{"start":{"line":16,"column":43},"end":{"line":16,"column":57}},{"start":{"line":16,"column":61},"end":{"line":16,"column":63}}]},"3":{"loc":{"start":{"line":23,"column":4},"end":{"line":23,"column":30}},"type":"if","locations":[{"start":{"line":23,"column":4},"end":{"line":23,"column":30}},{"start":{},"end":{}}]},"4":{"loc":{"start":{"line":37,"column":34},"end":{"line":37,"column":94}},"type":"cond-expr","locations":[{"start":{"line":37,"column":76},"end":{"line":37,"column":90}},{"start":{"line":37,"column":93},"end":{"line":37,"column":94}}]},"5":{"loc":{"start":{"line":52,"column":2},"end":{"line":87,"column":3}},"type":"if","locations":[{"start":{"line":52,"column":2},"end":{"line":87,"column":3}},{"start":{},"end":{}}]},"6":{"loc":{"start":{"line":110,"column":27},"end":{"line":110,"column":78}},"type":"cond-expr","locations":[{"start":{"line":110,"column":42},"end":{"line":110,"column":66}},{"start":{"line":110,"column":69},"end":{"line":110,"column":78}}]},"7":{"loc":{"start":{"line":111,"column":13},"end":{"line":113,"column":42}},"type":"cond-expr","locations":[{"start":{"line":112,"column":16},"end":{"line":112,"column":46}},{"start":{"line":113,"column":16},"end":{"line":113,"column":42}}]},"8":{"loc":{"start":{"line":122,"column":9},"end":{"line":122,"column":53}},"type":"cond-expr","locations":[{"start":{"line":122,"column":19},"end":{"line":122,"column":37}},{"start":{"line":122,"column":40},"end":{"line":122,"column":53}}]}},"s":{"0":2,"1":2,"2":2,"3":2,"4":2,"5":2,"6":2,"7":2,"8":2,"9":2,"10":17,"11":14,"12":14,"13":14,"14":14,"15":14,"16":14,"17":9,"18":6,"19":3,"20":3,"21":14,"22":14,"23":14,"24":7,"25":14,"26":7,"27":14,"28":4,"29":4,"30":3,"31":3,"32":3,"33":3,"34":3,"35":14,"36":3,"37":1,"38":1,"39":1,"40":11,"41":11,"42":1,"43":2},"f":{"0":17,"1":9,"2":7,"3":7,"4":4,"5":3,"6":1,"7":1,"8":1,"9":11,"10":1},"b":{"0":[0],"1":[0],"2":[14,0],"3":[6,3],"4":[1,6],"5":[3,11],"6":[1,10],"7":[1,10],"8":[4,7]}}
,"C:\\Users\\philr\\Desktop\\tech exam\\finestar-apparel\\src\\components\\Input.tsx": {"path":"C:\\Users\\philr\\Desktop\\tech exam\\finestar-apparel\\src\\components\\Input.tsx","statementMap":{"0":{"start":{"line":3,"column":0},"end":{"line":3,"column":29}},"1":{"start":{"line":5,"column":36},"end":{"line":18,"column":null}},"2":{"start":{"line":11,"column":2},"end":{"line":17,"column":null}},"3":{"start":{"line":21,"column":0},"end":{"line":21,"column":21}}},"fnMap":{"0":{"name":"(anonymous_0)","decl":{"start":{"line":5,"column":36},"end":{"line":5,"column":37}},"loc":{"start":{"line":11,"column":2},"end":{"line":17,"column":null}}}},"branchMap":{"0":{"loc":{"start":{"line":12,"column":5},"end":{"line":15,"column":null}},"type":"binary-expr","locations":[{"start":{"line":12,"column":5},"end":{"line":12,"column":10}},{"start":{"line":13,"column":6},"end":{"line":14,"column":null}}]}},"s":{"0":5,"1":5,"2":27,"3":5},"f":{"0":27},"b":{"0":[27,0]}}
,"C:\\Users\\philr\\Desktop\\tech exam\\finestar-apparel\\src\\components\\NavBar.tsx": {"path":"C:\\Users\\philr\\Desktop\\tech exam\\finestar-apparel\\src\\components\\NavBar.tsx","statementMap":{"0":{"start":{"line":1,"column":0},"end":{"line":1,"column":53}},"1":{"start":{"line":2,"column":0},"end":{"line":2,"column":40}},"2":{"start":{"line":3,"column":0},"end":{"line":3,"column":71}},"3":{"start":{"line":4,"column":0},"end":{"line":4,"column":30}},"4":{"start":{"line":5,"column":0},"end":{"line":5,"column":55}},"5":{"start":{"line":7,"column":0},"end":{"line":7,"column":57}},"6":{"start":{"line":8,"column":0},"end":{"line":8,"column":30}},"7":{"start":{"line":10,"column":25},"end":{"line":61,"column":1}},"8":{"start":{"line":11,"column":34},"end":{"line":11,"column":49}},"9":{"start":{"line":12,"column":19},"end":{"line":12,"column":74}},"10":{"start":{"line":12,"column":53},"end":{"line":12,"column":73}},"11":{"start":{"line":13,"column":19},"end":{"line":13,"column":32}},"12":{"start":{"line":14,"column":28},"end":{"line":14,"column":82}},"13":{"start":{"line":14,"column":46},"end":{"line":14,"column":69}},"14":{"start":{"line":15,"column":20},"end":{"line":16,"column":null}},"15":{"start":{"line":16,"column":4},"end":{"line":16,"column":66}},"16":{"start":{"line":16,"column":43},"end":{"line":16,"column":62}},"17":{"start":{"line":19,"column":27},"end":{"line":19,"column":78}},"18":{"start":{"line":19,"column":45},"end":{"line":19,"column":73}},"19":{"start":{"line":19,"column":67},"end":{"line":19,"column":72}},"20":{"start":{"line":21,"column":2},"end":{"line":60,"column":4}},"21":{"start":{"line":63,"column":0},"end":{"line":63,"column":22}}},"fnMap":{"0":{"name":"(anonymous_1)","decl":{"start":{"line":10,"column":25},"end":{"line":10,"column":28}},"loc":{"start":{"line":10,"column":30},"end":{"line":61,"column":1}}},"1":{"name":"(anonymous_2)","decl":{"start":{"line":12,"column":31},"end":{"line":12,"column":32}},"loc":{"start":{"line":12,"column":53},"end":{"line":12,"column":73}}},"2":{"name":"(anonymous_3)","decl":{"start":{"line":14,"column":40},"end":{"line":14,"column":43}},"loc":{"start":{"line":14,"column":46},"end":{"line":14,"column":69}}},"3":{"name":"(anonymous_4)","decl":{"start":{"line":15,"column":32},"end":{"line":15,"column":33}},"loc":{"start":{"line":16,"column":4},"end":{"line":16,"column":66}}},"4":{"name":"(anonymous_5)","decl":{"start":{"line":16,"column":28},"end":{"line":16,"column":29}},"loc":{"start":{"line":16,"column":43},"end":{"line":16,"column":62}}},"5":{"name":"(anonymous_6)","decl":{"start":{"line":19,"column":39},"end":{"line":19,"column":42}},"loc":{"start":{"line":19,"column":45},"end":{"line":19,"column":73}}},"6":{"name":"(anonymous_7)","decl":{"start":{"line":19,"column":57},"end":{"line":19,"column":58}},"loc":{"start":{"line":19,"column":67},"end":{"line":19,"column":72}}}},"branchMap":{"0":{"loc":{"start":{"line":35,"column":11},"end":{"line":35,"column":52}},"type":"binary-expr","locations":[{"start":{"line":35,"column":11},"end":{"line":35,"column":24}},{"start":{"line":35,"column":28},"end":{"line":35,"column":52}}]},"1":{"loc":{"start":{"line":45,"column":9},"end":{"line":56,"column":null}},"type":"binary-expr","locations":[{"start":{"line":45,"column":9},"end":{"line":45,"column":17}},{"start":{"line":46,"column":10},"end":{"line":55,"column":null}}]},"2":{"loc":{"start":{"line":53,"column":15},"end":{"line":53,"column":68}},"type":"cond-expr","locations":[{"start":{"line":53,"column":26},"end":{"line":53,"column":45}},{"start":{"line":53,"column":48},"end":{"line":53,"column":68}}]},"3":{"loc":{"start":{"line":54,"column":15},"end":{"line":54,"column":54}},"type":"cond-expr","locations":[{"start":{"line":54,"column":26},"end":{"line":54,"column":39}},{"start":{"line":54,"column":42},"end":{"line":54,"column":54}}]}},"s":{"0":1,"1":1,"2":1,"3":1,"4":1,"5":1,"6":1,"7":1,"8":13,"9":12,"10":12,"11":12,"12":12,"13":0,"14":12,"15":12,"16":16,"17":12,"18":0,"19":0,"20":12,"21":1},"f":{"0":13,"1":12,"2":0,"3":12,"4":16,"5":0,"6":0},"b":{"0":[12,8],"1":[12,0],"2":[0,0],"3":[0,0]}}
,"C:\\Users\\philr\\Desktop\\tech exam\\finestar-apparel\\src\\components\\ProductItem.tsx": {"path":"C:\\Users\\philr\\Desktop\\tech exam\\finestar-apparel\\src\\components\\ProductItem.tsx","statementMap":{"0":{"start":{"line":1,"column":0},"end":{"line":1,"column":53}},"1":{"start":{"line":2,"column":0},"end":{"line":2,"column":30}},"2":{"start":{"line":3,"column":0},"end":{"line":3,"column":42}},"3":{"start":{"line":4,"column":0},"end":{"line":4,"column":35}},"4":{"start":{"line":7,"column":48},"end":{"line":59,"column":1}},"5":{"start":{"line":8,"column":36},"end":{"line":8,"column":51}},"6":{"start":{"line":9,"column":32},"end":{"line":9,"column":47}},"7":{"start":{"line":11,"column":20},"end":{"line":16,"column":28}},"8":{"start":{"line":12,"column":4},"end":{"line":12,"column":21}},"9":{"start":{"line":13,"column":4},"end":{"line":13,"column":40}},"10":{"start":{"line":14,"column":4},"end":{"line":14,"column":24}},"11":{"start":{"line":15,"column":4},"end":{"line":15,"column":22}},"12":{"start":{"line":18,"column":26},"end":{"line":18,"column":67}},"13":{"start":{"line":18,"column":44},"end":{"line":18,"column":62}},"14":{"start":{"line":19,"column":27},"end":{"line":19,"column":69}},"15":{"start":{"line":19,"column":45},"end":{"line":19,"column":64}},"16":{"start":{"line":21,"column":2},"end":{"line":58,"column":4}},"17":{"start":{"line":28,"column":27},"end":{"line":28,"column":55}},"18":{"start":{"line":29,"column":12},"end":{"line":29,"column":42}},"19":{"start":{"line":30,"column":29},"end":{"line":30,"column":72}},"20":{"start":{"line":31,"column":12},"end":{"line":31,"column":58}},"21":{"start":{"line":31,"column":26},"end":{"line":31,"column":58}},"22":{"start":{"line":44,"column":52},"end":{"line":44,"column":59}},"23":{"start":{"line":61,"column":0},"end":{"line":61,"column":27}}},"fnMap":{"0":{"name":"(anonymous_1)","decl":{"start":{"line":7,"column":48},"end":{"line":7,"column":49}},"loc":{"start":{"line":7,"column":77},"end":{"line":59,"column":1}}},"1":{"name":"(anonymous_2)","decl":{"start":{"line":11,"column":32},"end":{"line":11,"column":37}},"loc":{"start":{"line":11,"column":66},"end":{"line":16,"column":3}}},"2":{"name":"(anonymous_3)","decl":{"start":{"line":18,"column":38},"end":{"line":18,"column":41}},"loc":{"start":{"line":18,"column":44},"end":{"line":18,"column":62}}},"3":{"name":"(anonymous_4)","decl":{"start":{"line":19,"column":39},"end":{"line":19,"column":42}},"loc":{"start":{"line":19,"column":45},"end":{"line":19,"column":64}}},"4":{"name":"(anonymous_5)","decl":{"start":{"line":27,"column":19},"end":{"line":27,"column":20}},"loc":{"start":{"line":27,"column":23},"end":{"line":32,"column":11}}},"5":{"name":"(anonymous_6)","decl":{"start":{"line":44,"column":45},"end":{"line":44,"column":46}},"loc":{"start":{"line":44,"column":52},"end":{"line":44,"column":59}}}},"branchMap":{"0":{"loc":{"start":{"line":23,"column":7},"end":{"line":34,"column":14}},"type":"cond-expr","locations":[{"start":{"line":24,"column":8},"end":{"line":32,"column":null}},{"start":{"line":34,"column":10},"end":{"line":34,"column":14}}]},"1":{"loc":{"start":{"line":31,"column":12},"end":{"line":31,"column":58}},"type":"if","locations":[{"start":{"line":31,"column":12},"end":{"line":31,"column":58}},{"start":{},"end":{}}]},"2":{"loc":{"start":{"line":35,"column":7},"end":{"line":36,"column":null}},"type":"binary-expr","locations":[{"start":{"line":35,"column":7},"end":{"line":35,"column":21}},{"start":{"line":36,"column":8},"end":{"line":36,"column":67}}]},"3":{"loc":{"start":{"line":43,"column":9},"end":{"line":45,"column":36}},"type":"cond-expr","locations":[{"start":{"line":44,"column":12},"end":{"line":44,"column":72}},{"start":{"line":45,"column":12},"end":{"line":45,"column":36}}]}},"s":{"0":2,"1":2,"2":2,"3":2,"4":2,"5":13,"6":13,"7":13,"8":2,"9":2,"10":2,"11":2,"12":13,"13":3,"14":13,"15":0,"16":13,"17":1,"18":1,"19":1,"20":1,"21":1,"22":26,"23":2},"f":{"0":13,"1":2,"2":3,"3":0,"4":1,"5":26},"b":{"0":[12,1],"1":[1,0],"2":[13,1],"3":[13,0]}}
,"C:\\Users\\philr\\Desktop\\tech exam\\finestar-apparel\\src\\components\\ProductList.tsx": {"path":"C:\\Users\\philr\\Desktop\\tech exam\\finestar-apparel\\src\\components\\ProductList.tsx","statementMap":{"0":{"start":{"line":1,"column":0},"end":{"line":1,"column":73}},"1":{"start":{"line":2,"column":0},"end":{"line":2,"column":44}},"2":{"start":{"line":3,"column":0},"end":{"line":3,"column":40}},"3":{"start":{"line":5,"column":0},"end":{"line":5,"column":35}},"4":{"start":{"line":6,"column":0},"end":{"line":6,"column":42}},"5":{"start":{"line":8,"column":0},"end":{"line":8,"column":74}},"6":{"start":{"line":9,"column":0},"end":{"line":9,"column":42}},"7":{"start":{"line":11,"column":30},"end":{"line":153,"column":1}},"8":{"start":{"line":12,"column":34},"end":{"line":12,"column":57}},"9":{"start":{"line":13,"column":32},"end":{"line":13,"column":55}},"10":{"start":{"line":14,"column":28},"end":{"line":14,"column":57}},"11":{"start":{"line":15,"column":30},"end":{"line":15,"column":42}},"12":{"start":{"line":16,"column":44},"end":{"line":16,"column":59}},"13":{"start":{"line":17,"column":30},"end":{"line":17,"column":77}},"14":{"start":{"line":18,"column":36},"end":{"line":18,"column":67}},"15":{"start":{"line":20,"column":19},"end":{"line":20,"column":45}},"16":{"start":{"line":21,"column":20},"end":{"line":21,"column":93}},"17":{"start":{"line":21,"column":76},"end":{"line":21,"column":92}},"18":{"start":{"line":24,"column":2},"end":{"line":45,"column":9}},"19":{"start":{"line":25,"column":26},"end":{"line":42,"column":5}},"20":{"start":{"line":26,"column":6},"end":{"line":41,"column":7}},"21":{"start":{"line":27,"column":25},"end":{"line":27,"column":53}},"22":{"start":{"line":28,"column":8},"end":{"line":30,"column":9}},"23":{"start":{"line":29,"column":10},"end":{"line":29,"column":57}},"24":{"start":{"line":31,"column":21},"end":{"line":31,"column":42}},"25":{"start":{"line":32,"column":8},"end":{"line":32,"column":26}},"26":{"start":{"line":34,"column":8},"end":{"line":38,"column":9}},"27":{"start":{"line":35,"column":10},"end":{"line":35,"column":34}},"28":{"start":{"line":37,"column":10},"end":{"line":37,"column":48}},"29":{"start":{"line":40,"column":8},"end":{"line":40,"column":26}},"30":{"start":{"line":44,"column":4},"end":{"line":44,"column":20}},"31":{"start":{"line":47,"column":22},"end":{"line":75,"column":27}},"32":{"start":{"line":49,"column":36},"end":{"line":49,"column":72}},"33":{"start":{"line":51,"column":16},"end":{"line":55,"column":null}},"34":{"start":{"line":53,"column":8},"end":{"line":55,"column":44}},"35":{"start":{"line":58,"column":4},"end":{"line":72,"column":5}},"36":{"start":{"line":59,"column":6},"end":{"line":61,"column":8}},"37":{"start":{"line":60,"column":8},"end":{"line":60,"column":67}},"38":{"start":{"line":63,"column":6},"end":{"line":71,"column":8}},"39":{"start":{"line":73,"column":4},"end":{"line":73,"column":43}},"40":{"start":{"line":74,"column":4},"end":{"line":74,"column":31}},"41":{"start":{"line":79,"column":27},"end":{"line":86,"column":24}},"42":{"start":{"line":80,"column":14},"end":{"line":80,"column":34}},"43":{"start":{"line":81,"column":4},"end":{"line":85,"column":6}},"44":{"start":{"line":82,"column":6},"end":{"line":84,"column":56}},"45":{"start":{"line":89,"column":25},"end":{"line":101,"column":43}},"46":{"start":{"line":90,"column":4},"end":{"line":100,"column":7}},"47":{"start":{"line":91,"column":16},"end":{"line":91,"column":17}},"48":{"start":{"line":92,"column":6},"end":{"line":98,"column":7}},"49":{"start":{"line":93,"column":8},"end":{"line":93,"column":43}},"50":{"start":{"line":94,"column":13},"end":{"line":98,"column":7}},"51":{"start":{"line":95,"column":8},"end":{"line":95,"column":51}},"52":{"start":{"line":96,"column":13},"end":{"line":98,"column":7}},"53":{"start":{"line":97,"column":8},"end":{"line":97,"column":32}},"54":{"start":{"line":99,"column":6},"end":{"line":99,"column":46}},"55":{"start":{"line":104,"column":29},"end":{"line":108,"column":8}},"56":{"start":{"line":105,"column":4},"end":{"line":105,"column":27}},"57":{"start":{"line":106,"column":4},"end":{"line":106,"column":21}},"58":{"start":{"line":107,"column":4},"end":{"line":107,"column":51}},"59":{"start":{"line":107,"column":21},"end":{"line":107,"column":44}},"60":{"start":{"line":110,"column":2},"end":{"line":112,"column":3}},"61":{"start":{"line":111,"column":4},"end":{"line":111,"column":42}},"62":{"start":{"line":114,"column":2},"end":{"line":116,"column":3}},"63":{"start":{"line":115,"column":4},"end":{"line":115,"column":37}},"64":{"start":{"line":118,"column":2},"end":{"line":152,"column":4}},"65":{"start":{"line":124,"column":27},"end":{"line":124,"column":69}},"66":{"start":{"line":133,"column":12},"end":{"line":134,"column":null}},"67":{"start":{"line":134,"column":14},"end":{"line":134,"column":42}},"68":{"start":{"line":144,"column":10},"end":{"line":145,"column":null}},"69":{"start":{"line":155,"column":0},"end":{"line":155,"column":27}}},"fnMap":{"0":{"name":"(anonymous_1)","decl":{"start":{"line":11,"column":30},"end":{"line":11,"column":33}},"loc":{"start":{"line":11,"column":35},"end":{"line":153,"column":1}}},"1":{"name":"(anonymous_2)","decl":{"start":{"line":21,"column":32},"end":{"line":21,"column":33}},"loc":{"start":{"line":21,"column":76},"end":{"line":21,"column":92}}},"2":{"name":"(anonymous_3)","decl":{"start":{"line":24,"column":12},"end":{"line":24,"column":15}},"loc":{"start":{"line":24,"column":17},"end":{"line":45,"column":3}}},"3":{"name":"(anonymous_4)","decl":{"start":{"line":25,"column":26},"end":{"line":25,"column":31}},"loc":{"start":{"line":25,"column":37},"end":{"line":42,"column":5}}},"4":{"name":"(anonymous_5)","decl":{"start":{"line":47,"column":34},"end":{"line":47,"column":39}},"loc":{"start":{"line":47,"column":86},"end":{"line":75,"column":3}}},"5":{"name":"(anonymous_6)","decl":{"start":{"line":52,"column":6},"end":{"line":52,"column":7}},"loc":{"start":{"line":53,"column":8},"end":{"line":55,"column":44}}},"6":{"name":"(anonymous_7)","decl":{"start":{"line":59,"column":30},"end":{"line":59,"column":31}},"loc":{"start":{"line":60,"column":8},"end":{"line":60,"column":67}}},"7":{"name":"(anonymous_8)","decl":{"start":{"line":79,"column":35},"end":{"line":79,"column":38}},"loc":{"start":{"line":79,"column":40},"end":{"line":86,"column":3}}},"8":{"name":"(anonymous_9)","decl":{"start":{"line":81,"column":27},"end":{"line":81,"column":28}},"loc":{"start":{"line":82,"column":6},"end":{"line":84,"column":56}}},"9":{"name":"(anonymous_10)","decl":{"start":{"line":89,"column":33},"end":{"line":89,"column":36}},"loc":{"start":{"line":89,"column":38},"end":{"line":101,"column":3}}},"10":{"name":"(anonymous_11)","decl":{"start":{"line":90,"column":38},"end":{"line":90,"column":39}},"loc":{"start":{"line":90,"column":47},"end":{"line":100,"column":5}}},"11":{"name":"(anonymous_12)","decl":{"start":{"line":104,"column":41},"end":{"line":104,"column":42}},"loc":{"start":{"line":104,"column":59},"end":{"line":108,"column":3}}},"12":{"name":"(anonymous_13)","decl":{"start":{"line":107,"column":15},"end":{"line":107,"column":18}},"loc":{"start":{"line":107,"column":21},"end":{"line":107,"column":44}}},"13":{"name":"(anonymous_14)","decl":{"start":{"line":124,"column":20},"end":{"line":124,"column":21}},"loc":{"start":{"line":124,"column":27},"end":{"line":124,"column":69}}},"14":{"name":"(anonymous_15)","decl":{"start":{"line":132,"column":19},"end":{"line":132,"column":22}},"loc":{"start":{"line":133,"column":12},"end":{"line":134,"column":null}}},"15":{"name":"(anonymous_16)","decl":{"start":{"line":133,"column":25},"end":{"line":133,"column":26}},"loc":{"start":{"line":134,"column":14},"end":{"line":134,"column":42}}},"16":{"name":"(anonymous_17)","decl":{"start":{"line":143,"column":28},"end":{"line":143,"column":29}},"loc":{"start":{"line":144,"column":10},"end":{"line":145,"column":null}}}},"branchMap":{"0":{"loc":{"start":{"line":28,"column":8},"end":{"line":30,"column":9}},"type":"if","locations":[{"start":{"line":28,"column":8},"end":{"line":30,"column":9}},{"start":{},"end":{}}]},"1":{"loc":{"start":{"line":34,"column":8},"end":{"line":38,"column":9}},"type":"if","locations":[{"start":{"line":34,"column":8},"end":{"line":38,"column":9}},{"start":{"line":36,"column":15},"end":{"line":38,"column":9}}]},"2":{"loc":{"start":{"line":53,"column":8},"end":{"line":55,"column":44}},"type":"binary-expr","locations":[{"start":{"line":53,"column":8},"end":{"line":53,"column":37}},{"start":{"line":54,"column":8},"end":{"line":54,"column":42}},{"start":{"line":55,"column":8},"end":{"line":55,"column":44}}]},"3":{"loc":{"start":{"line":58,"column":4},"end":{"line":72,"column":5}},"type":"if","locations":[{"start":{"line":58,"column":4},"end":{"line":72,"column":5}},{"start":{"line":62,"column":11},"end":{"line":72,"column":5}}]},"4":{"loc":{"start":{"line":60,"column":8},"end":{"line":60,"column":67}},"type":"cond-expr","locations":[{"start":{"line":60,"column":20},"end":{"line":60,"column":60}},{"start":{"line":60,"column":63},"end":{"line":60,"column":67}}]},"5":{"loc":{"start":{"line":82,"column":6},"end":{"line":84,"column":56}},"type":"binary-expr","locations":[{"start":{"line":82,"column":6},"end":{"line":82,"column":44}},{"start":{"line":83,"column":6},"end":{"line":83,"column":48}},{"start":{"line":84,"column":6},"end":{"line":84,"column":56}}]},"6":{"loc":{"start":{"line":92,"column":6},"end":{"line":98,"column":7}},"type":"if","locations":[{"start":{"line":92,"column":6},"end":{"line":98,"column":7}},{"start":{"line":94,"column":13},"end":{"line":98,"column":7}}]},"7":{"loc":{"start":{"line":94,"column":13},"end":{"line":98,"column":7}},"type":"if","locations":[{"start":{"line":94,"column":13},"end":{"line":98,"column":7}},{"start":{"line":96,"column":13},"end":{"line":98,"column":7}}]},"8":{"loc":{"start":{"line":96,"column":13},"end":{"line":98,"column":7}},"type":"if","locations":[{"start":{"line":96,"column":13},"end":{"line":98,"column":7}},{"start":{},"end":{}}]},"9":{"loc":{"start":{"line":99,"column":13},"end":{"line":99,"column":45}},"type":"cond-expr","locations":[{"start":{"line":99,"column":35},"end":{"line":99,"column":38}},{"start":{"line":99,"column":41},"end":{"line":99,"column":45}}]},"10":{"loc":{"start":{"line":110,"column":2},"end":{"line":112,"column":3}},"type":"if","locations":[{"start":{"line":110,"column":2},"end":{"line":112,"column":3}},{"start":{},"end":{}}]},"11":{"loc":{"start":{"line":114,"column":2},"end":{"line":116,"column":3}},"type":"if","locations":[{"start":{"line":114,"column":2},"end":{"line":116,"column":3}},{"start":{},"end":{}}]},"12":{"loc":{"start":{"line":134,"column":14},"end":{"line":134,"column":42}},"type":"cond-expr","locations":[{"start":{"line":134,"column":28},"end":{"line":134,"column":34}},{"start":{"line":134,"column":37},"end":{"line":134,"column":42}}]},"13":{"loc":{"start":{"line":139,"column":11},"end":{"line":139,"column":42}},"type":"cond-expr","locations":[{"start":{"line":139,"column":33},"end":{"line":139,"column":36}},{"start":{"line":139,"column":39},"end":{"line":139,"column":42}}]}},"s":{"0":2,"1":2,"2":2,"3":2,"4":2,"5":2,"6":2,"7":2,"8":22,"9":21,"10":21,"11":21,"12":21,"13":21,"14":21,"15":21,"16":19,"17":19,"18":19,"19":8,"20":8,"21":8,"22":7,"23":0,"24":7,"25":7,"26":1,"27":1,"28":0,"29":8,"30":8,"31":19,"32":2,"33":2,"34":1,"35":2,"36":0,"37":0,"38":2,"39":2,"40":2,"41":19,"42":15,"43":15,"44":14,"45":19,"46":18,"47":9,"48":9,"49":6,"50":3,"51":0,"52":3,"53":3,"54":9,"55":19,"56":1,"57":1,"58":1,"59":1,"60":19,"61":8,"62":11,"63":1,"64":10,"65":2,"66":1,"67":1,"68":19,"69":2},"f":{"0":22,"1":19,"2":8,"3":8,"4":2,"5":1,"6":0,"7":15,"8":14,"9":18,"10":9,"11":1,"12":1,"13":2,"14":1,"15":1,"16":19},"b":{"0":[0,7],"1":[1,0],"2":[1,0,0],"3":[0,2],"4":[0,0],"5":[14,1,1],"6":[6,3],"7":[0,3],"8":[3,0],"9":[8,1],"10":[8,11],"11":[1,10],"12":[1,0],"13":[9,1]}}
,"C:\\Users\\philr\\Desktop\\tech exam\\finestar-apparel\\src\\components\\ProductModal.tsx": {"path":"C:\\Users\\philr\\Desktop\\tech exam\\finestar-apparel\\src\\components\\ProductModal.tsx","statementMap":{"0":{"start":{"line":1,"column":0},"end":{"line":1,"column":73}},"1":{"start":{"line":2,"column":0},"end":{"line":2,"column":36}},"2":{"start":{"line":3,"column":0},"end":{"line":3,"column":30}},"3":{"start":{"line":4,"column":0},"end":{"line":4,"column":31}},"4":{"start":{"line":7,"column":50},"end":{"line":105,"column":1}},"5":{"start":{"line":14,"column":48},"end":{"line":15,"column":null}},"6":{"start":{"line":18,"column":2},"end":{"line":20,"column":31}},"7":{"start":{"line":19,"column":4},"end":{"line":19,"column":62}},"8":{"start":{"line":19,"column":14},"end":{"line":19,"column":62}},"9":{"start":{"line":22,"column":25},"end":{"line":29,"column":null}},"10":{"start":{"line":24,"column":6},"end":{"line":28,"column":8}},"11":{"start":{"line":25,"column":8},"end":{"line":25,"column":26}},"12":{"start":{"line":32,"column":30},"end":{"line":39,"column":null}},"13":{"start":{"line":34,"column":28},"end":{"line":34,"column":53}},"14":{"start":{"line":35,"column":6},"end":{"line":37,"column":8}},"15":{"start":{"line":36,"column":37},"end":{"line":36,"column":73}},"16":{"start":{"line":42,"column":2},"end":{"line":42,"column":25}},"17":{"start":{"line":42,"column":13},"end":{"line":42,"column":25}},"18":{"start":{"line":44,"column":26},"end":{"line":49,"column":30}},"19":{"start":{"line":45,"column":4},"end":{"line":48,"column":5}},"20":{"start":{"line":46,"column":6},"end":{"line":46,"column":29}},"21":{"start":{"line":47,"column":6},"end":{"line":47,"column":38}},"22":{"start":{"line":51,"column":22},"end":{"line":51,"column":37}},"23":{"start":{"line":52,"column":2},"end":{"line":104,"column":4}},"24":{"start":{"line":60,"column":27},"end":{"line":60,"column":55}},"25":{"start":{"line":61,"column":12},"end":{"line":63,"column":13}},"26":{"start":{"line":62,"column":14},"end":{"line":62,"column":39}},"27":{"start":{"line":107,"column":0},"end":{"line":107,"column":28}}},"fnMap":{"0":{"name":"(anonymous_1)","decl":{"start":{"line":7,"column":50},"end":{"line":7,"column":51}},"loc":{"start":{"line":13,"column":5},"end":{"line":105,"column":1}}},"1":{"name":"(anonymous_2)","decl":{"start":{"line":18,"column":12},"end":{"line":18,"column":15}},"loc":{"start":{"line":18,"column":17},"end":{"line":20,"column":3}}},"2":{"name":"(anonymous_3)","decl":{"start":{"line":23,"column":4},"end":{"line":23,"column":7}},"loc":{"start":{"line":24,"column":6},"end":{"line":28,"column":8}}},"3":{"name":"(anonymous_4)","decl":{"start":{"line":24,"column":27},"end":{"line":24,"column":28}},"loc":{"start":{"line":25,"column":8},"end":{"line":25,"column":26}}},"4":{"name":"(anonymous_5)","decl":{"start":{"line":33,"column":4},"end":{"line":33,"column":5}},"loc":{"start":{"line":33,"column":48},"end":{"line":38,"column":5}}},"5":{"name":"(anonymous_6)","decl":{"start":{"line":36,"column":30},"end":{"line":36,"column":31}},"loc":{"start":{"line":36,"column":37},"end":{"line":36,"column":73}}},"6":{"name":"(anonymous_7)","decl":{"start":{"line":44,"column":38},"end":{"line":44,"column":41}},"loc":{"start":{"line":44,"column":43},"end":{"line":49,"column":3}}},"7":{"name":"(anonymous_8)","decl":{"start":{"line":59,"column":19},"end":{"line":59,"column":20}},"loc":{"start":{"line":59,"column":23},"end":{"line":64,"column":11}}}},"branchMap":{"0":{"loc":{"start":{"line":19,"column":4},"end":{"line":19,"column":62}},"type":"if","locations":[{"start":{"line":19,"column":4},"end":{"line":19,"column":62}},{"start":{},"end":{}}]},"1":{"loc":{"start":{"line":19,"column":33},"end":{"line":19,"column":60}},"type":"binary-expr","locations":[{"start":{"line":19,"column":33},"end":{"line":19,"column":52}},{"start":{"line":19,"column":56},"end":{"line":19,"column":60}}]},"2":{"loc":{"start":{"line":36,"column":8},"end":{"line":36,"column":82}},"type":"binary-expr","locations":[{"start":{"line":36,"column":8},"end":{"line":36,"column":74}},{"start":{"line":36,"column":78},"end":{"line":36,"column":82}}]},"3":{"loc":{"start":{"line":36,"column":37},"end":{"line":36,"column":73}},"type":"binary-expr","locations":[{"start":{"line":36,"column":37},"end":{"line":36,"column":52}},{"start":{"line":36,"column":56},"end":{"line":36,"column":73}}]},"4":{"loc":{"start":{"line":42,"column":2},"end":{"line":42,"column":25}},"type":"if","locations":[{"start":{"line":42,"column":2},"end":{"line":42,"column":25}},{"start":{},"end":{}}]},"5":{"loc":{"start":{"line":45,"column":4},"end":{"line":48,"column":5}},"type":"if","locations":[{"start":{"line":45,"column":4},"end":{"line":48,"column":5}},{"start":{},"end":{}}]},"6":{"loc":{"start":{"line":56,"column":15},"end":{"line":56,"column":43}},"type":"binary-expr","locations":[{"start":{"line":56,"column":15},"end":{"line":56,"column":28}},{"start":{"line":56,"column":32},"end":{"line":56,"column":43}}]},"7":{"loc":{"start":{"line":61,"column":12},"end":{"line":63,"column":13}},"type":"if","locations":[{"start":{"line":61,"column":12},"end":{"line":63,"column":13}},{"start":{},"end":{}}]},"8":{"loc":{"start":{"line":70,"column":11},"end":{"line":72,"column":51}},"type":"cond-expr","locations":[{"start":{"line":71,"column":14},"end":{"line":71,"column":46}},{"start":{"line":72,"column":14},"end":{"line":72,"column":51}}]},"9":{"loc":{"start":{"line":80,"column":14},"end":{"line":82,"column":20}},"type":"cond-expr","locations":[{"start":{"line":81,"column":18},"end":{"line":81,"column":68}},{"start":{"line":82,"column":18},"end":{"line":82,"column":20}}]}},"s":{"0":2,"1":2,"2":2,"3":2,"4":2,"5":17,"6":17,"7":9,"8":8,"9":17,"10":9,"11":16,"12":17,"13":1,"14":1,"15":2,"16":17,"17":1,"18":16,"19":1,"20":1,"21":1,"22":16,"23":16,"24":1,"25":1,"26":0,"27":2},"f":{"0":17,"1":9,"2":9,"3":16,"4":1,"5":2,"6":1,"7":1},"b":{"0":[8,1],"1":[8,1],"2":[1,0],"3":[2,1],"4":[1,16],"5":[1,0],"6":[16,2],"7":[0,1],"8":[8,8],"9":[8,8]}}
,"C:\\Users\\philr\\Desktop\\tech exam\\finestar-apparel\\src\\components\\ProductSearch.tsx": {"path":"C:\\Users\\philr\\Desktop\\tech exam\\finestar-apparel\\src\\components\\ProductSearch.tsx","statementMap":{"0":{"start":{"line":1,"column":0},"end":{"line":1,"column":72}},"1":{"start":{"line":2,"column":0},"end":{"line":2,"column":28}},"2":{"start":{"line":10,"column":52},"end":{"line":65,"column":1}},"3":{"start":{"line":11,"column":38},"end":{"line":11,"column":53}},"4":{"start":{"line":15,"column":22},"end":{"line":15,"column":72}},"5":{"start":{"line":16,"column":28},"end":{"line":21,"column":16}},"6":{"start":{"line":17,"column":4},"end":{"line":17,"column":63}},"7":{"start":{"line":17,"column":29},"end":{"line":17,"column":63}},"8":{"start":{"line":18,"column":4},"end":{"line":20,"column":12}},"9":{"start":{"line":19,"column":6},"end":{"line":19,"column":20}},"10":{"start":{"line":23,"column":2},"end":{"line":27,"column":19}},"11":{"start":{"line":24,"column":4},"end":{"line":24,"column":34}},"12":{"start":{"line":29,"column":2},"end":{"line":31,"column":14}},"13":{"start":{"line":30,"column":4},"end":{"line":30,"column":25}},"14":{"start":{"line":33,"column":2},"end":{"line":64,"column":4}},"15":{"start":{"line":39,"column":23},"end":{"line":39,"column":52}},"16":{"start":{"line":67,"column":0},"end":{"line":67,"column":29}}},"fnMap":{"0":{"name":"(anonymous_1)","decl":{"start":{"line":10,"column":52},"end":{"line":10,"column":53}},"loc":{"start":{"line":10,"column":85},"end":{"line":65,"column":1}}},"1":{"name":"(anonymous_2)","decl":{"start":{"line":16,"column":40},"end":{"line":16,"column":41}},"loc":{"start":{"line":16,"column":56},"end":{"line":21,"column":3}}},"2":{"name":"(anonymous_3)","decl":{"start":{"line":18,"column":37},"end":{"line":18,"column":40}},"loc":{"start":{"line":18,"column":42},"end":{"line":20,"column":5}}},"3":{"name":"(anonymous_4)","decl":{"start":{"line":23,"column":12},"end":{"line":23,"column":15}},"loc":{"start":{"line":23,"column":17},"end":{"line":27,"column":3}}},"4":{"name":"(anonymous_5)","decl":{"start":{"line":29,"column":12},"end":{"line":29,"column":15}},"loc":{"start":{"line":29,"column":17},"end":{"line":31,"column":3}}},"5":{"name":"(anonymous_6)","decl":{"start":{"line":39,"column":18},"end":{"line":39,"column":19}},"loc":{"start":{"line":39,"column":23},"end":{"line":39,"column":52}}}},"branchMap":{"0":{"loc":{"start":{"line":17,"column":4},"end":{"line":17,"column":63}},"type":"if","locations":[{"start":{"line":17,"column":4},"end":{"line":17,"column":63}},{"start":{},"end":{}}]},"1":{"loc":{"start":{"line":42,"column":7},"end":{"line":61,"column":null}},"type":"binary-expr","locations":[{"start":{"line":42,"column":7},"end":{"line":42,"column":14}},{"start":{"line":43,"column":8},"end":{"line":60,"column":null}}]}},"s":{"0":2,"1":2,"2":2,"3":16,"4":16,"5":16,"6":12,"7":6,"8":12,"9":2,"10":16,"11":12,"12":16,"13":7,"14":16,"15":5,"16":2},"f":{"0":16,"1":12,"2":2,"3":12,"4":7,"5":5},"b":{"0":[6,6],"1":[16,1]}}
,"C:\\Users\\philr\\Desktop\\tech exam\\finestar-apparel\\src\\pages\\CartPage.tsx": {"path":"C:\\Users\\philr\\Desktop\\tech exam\\finestar-apparel\\src\\pages\\CartPage.tsx","statementMap":{"0":{"start":{"line":2,"column":0},"end":{"line":2,"column":38}},"1":{"start":{"line":3,"column":0},"end":{"line":3,"column":28}},"2":{"start":{"line":5,"column":27},"end":{"line":12,"column":1}},"3":{"start":{"line":6,"column":2},"end":{"line":11,"column":4}},"4":{"start":{"line":14,"column":0},"end":{"line":14,"column":24}}},"fnMap":{"0":{"name":"(anonymous_1)","decl":{"start":{"line":5,"column":27},"end":{"line":5,"column":30}},"loc":{"start":{"line":5,"column":32},"end":{"line":12,"column":1}}}},"branchMap":{},"s":{"0":1,"1":1,"2":1,"3":3,"4":1},"f":{"0":3},"b":{}}
,"C:\\Users\\philr\\Desktop\\tech exam\\finestar-apparel\\src\\pages\\CheckoutPage.tsx": {"path":"C:\\Users\\philr\\Desktop\\tech exam\\finestar-apparel\\src\\pages\\CheckoutPage.tsx","statementMap":{"0":{"start":{"line":2,"column":0},"end":{"line":2,"column":46}},"1":{"start":{"line":3,"column":0},"end":{"line":3,"column":28}},"2":{"start":{"line":5,"column":31},"end":{"line":12,"column":1}},"3":{"start":{"line":6,"column":2},"end":{"line":11,"column":4}},"4":{"start":{"line":14,"column":0},"end":{"line":14,"column":28}}},"fnMap":{"0":{"name":"(anonymous_1)","decl":{"start":{"line":5,"column":31},"end":{"line":5,"column":34}},"loc":{"start":{"line":5,"column":36},"end":{"line":12,"column":1}}}},"branchMap":{},"s":{"0":1,"1":1,"2":1,"3":3,"4":1},"f":{"0":3},"b":{}}
,"C:\\Users\\philr\\Desktop\\tech exam\\finestar-apparel\\src\\pages\\Home.tsx": {"path":"C:\\Users\\philr\\Desktop\\tech exam\\finestar-apparel\\src\\pages\\Home.tsx","statementMap":{"0":{"start":{"line":2,"column":0},"end":{"line":2,"column":52}},"1":{"start":{"line":4,"column":23},"end":{"line":23,"column":1}},"2":{"start":{"line":5,"column":2},"end":{"line":22,"column":4}},"3":{"start":{"line":25,"column":0},"end":{"line":25,"column":20}}},"fnMap":{"0":{"name":"(anonymous_1)","decl":{"start":{"line":4,"column":23},"end":{"line":4,"column":26}},"loc":{"start":{"line":4,"column":28},"end":{"line":23,"column":1}}}},"branchMap":{},"s":{"0":1,"1":1,"2":3,"3":1},"f":{"0":3},"b":{}}
,"C:\\Users\\philr\\Desktop\\tech exam\\finestar-apparel\\src\\redux\\api\\cartApi.ts": {"path":"C:\\Users\\philr\\Desktop\\tech exam\\finestar-apparel\\src\\redux\\api\\cartApi.ts","statementMap":{"0":{"start":{"line":6,"column":0},"end":{"line":6,"column":7}},"1":{"start":{"line":20,"column":0},"end":{"line":20,"column":7}},"2":{"start":{"line":30,"column":0},"end":{"line":30,"column":7}},"3":{"start":{"line":2,"column":16},"end":{"line":2,"column":27}},"4":{"start":{"line":7,"column":14},"end":{"line":7,"column":34}},"5":{"start":{"line":8,"column":2},"end":{"line":8,"column":55}},"6":{"start":{"line":8,"column":15},"end":{"line":8,"column":55}},"7":{"start":{"line":9,"column":2},"end":{"line":9,"column":20}},"8":{"start":{"line":21,"column":14},"end":{"line":25,"column":4}},"9":{"start":{"line":26,"column":2},"end":{"line":26,"column":54}},"10":{"start":{"line":26,"column":15},"end":{"line":26,"column":54}},"11":{"start":{"line":27,"column":2},"end":{"line":27,"column":20}},"12":{"start":{"line":31,"column":14},"end":{"line":34,"column":4}},"13":{"start":{"line":35,"column":2},"end":{"line":35,"column":55}},"14":{"start":{"line":35,"column":15},"end":{"line":35,"column":55}},"15":{"start":{"line":36,"column":2},"end":{"line":36,"column":20}}},"fnMap":{"0":{"name":"fetchCart","decl":{"start":{"line":6,"column":22},"end":{"line":6,"column":31}},"loc":{"start":{"line":6,"column":31},"end":{"line":10,"column":1}}},"1":{"name":"saveCart","decl":{"start":{"line":20,"column":22},"end":{"line":20,"column":30}},"loc":{"start":{"line":20,"column":48},"end":{"line":28,"column":1}}},"2":{"name":"clearCartApi","decl":{"start":{"line":30,"column":22},"end":{"line":30,"column":34}},"loc":{"start":{"line":30,"column":34},"end":{"line":37,"column":1}}}},"branchMap":{"0":{"loc":{"start":{"line":8,"column":2},"end":{"line":8,"column":55}},"type":"if","locations":[{"start":{"line":8,"column":2},"end":{"line":8,"column":55}},{"start":{},"end":{}}]},"1":{"loc":{"start":{"line":26,"column":2},"end":{"line":26,"column":54}},"type":"if","locations":[{"start":{"line":26,"column":2},"end":{"line":26,"column":54}},{"start":{},"end":{}}]},"2":{"loc":{"start":{"line":35,"column":2},"end":{"line":35,"column":55}},"type":"if","locations":[{"start":{"line":35,"column":2},"end":{"line":35,"column":55}},{"start":{},"end":{}}]}},"s":{"0":3,"1":3,"2":3,"3":3,"4":0,"5":0,"6":0,"7":0,"8":0,"9":0,"10":0,"11":0,"12":0,"13":0,"14":0,"15":0},"f":{"0":0,"1":0,"2":0},"b":{"0":[0,0],"1":[0,0],"2":[0,0]}}
,"C:\\Users\\philr\\Desktop\\tech exam\\finestar-apparel\\src\\redux\\slices\\cartSlice.ts": {"path":"C:\\Users\\philr\\Desktop\\tech exam\\finestar-apparel\\src\\redux\\slices\\cartSlice.ts","statementMap":{"0":{"start":{"line":1,"column":0},"end":{"line":1,"column":65}},"1":{"start":{"line":3,"column":0},"end":{"line":3,"column":67}},"2":{"start":{"line":7,"column":32},"end":{"line":9,"column":2}},"3":{"start":{"line":11,"column":13},"end":{"line":15,"column":3}},"4":{"start":{"line":12,"column":15},"end":{"line":12,"column":32}},"5":{"start":{"line":14,"column":2},"end":{"line":14,"column":26}},"6":{"start":{"line":17,"column":13},"end":{"line":23,"column":2}},"7":{"start":{"line":20,"column":4},"end":{"line":20,"column":26}},"8":{"start":{"line":21,"column":4},"end":{"line":21,"column":17}},"9":{"start":{"line":25,"column":13},"end":{"line":28,"column":3}},"10":{"start":{"line":26,"column":2},"end":{"line":26,"column":23}},"11":{"start":{"line":27,"column":2},"end":{"line":27,"column":12}},"12":{"start":{"line":30,"column":18},"end":{"line":46,"column":2}},"13":{"start":{"line":35,"column":4},"end":{"line":44,"column":9}},"14":{"start":{"line":37,"column":8},"end":{"line":37,"column":37}},"15":{"start":{"line":40,"column":8},"end":{"line":40,"column":37}},"16":{"start":{"line":43,"column":8},"end":{"line":43,"column":25}},"17":{"start":{"line":49,"column":0},"end":{"line":49,"column":33}}},"fnMap":{"0":{"name":"(anonymous_0)","decl":{"start":{"line":11,"column":65},"end":{"line":11,"column":70}},"loc":{"start":{"line":11,"column":76},"end":{"line":15,"column":1}}},"1":{"name":"(anonymous_1)","decl":{"start":{"line":19,"column":2},"end":{"line":19,"column":7}},"loc":{"start":{"line":19,"column":30},"end":{"line":22,"column":3}}},"2":{"name":"(anonymous_2)","decl":{"start":{"line":25,"column":65},"end":{"line":25,"column":70}},"loc":{"start":{"line":25,"column":76},"end":{"line":28,"column":1}}},"3":{"name":"(anonymous_3)","decl":{"start":{"line":34,"column":17},"end":{"line":34,"column":18}},"loc":{"start":{"line":34,"column":29},"end":{"line":45,"column":3}}},"4":{"name":"(anonymous_4)","decl":{"start":{"line":36,"column":41},"end":{"line":36,"column":42}},"loc":{"start":{"line":36,"column":59},"end":{"line":38,"column":7}}},"5":{"name":"(anonymous_5)","decl":{"start":{"line":39,"column":40},"end":{"line":39,"column":41}},"loc":{"start":{"line":39,"column":58},"end":{"line":41,"column":7}}},"6":{"name":"(anonymous_6)","decl":{"start":{"line":42,"column":41},"end":{"line":42,"column":42}},"loc":{"start":{"line":42,"column":51},"end":{"line":44,"column":7}}}},"branchMap":{"0":{"loc":{"start":{"line":14,"column":9},"end":{"line":14,"column":25}},"type":"binary-expr","locations":[{"start":{"line":14,"column":9},"end":{"line":14,"column":19}},{"start":{"line":14,"column":23},"end":{"line":14,"column":25}}]}},"s":{"0":3,"1":3,"2":3,"3":3,"4":0,"5":0,"6":3,"7":0,"8":0,"9":3,"10":0,"11":0,"12":3,"13":0,"14":0,"15":0,"16":0,"17":3},"f":{"0":0,"1":0,"2":0,"3":0,"4":0,"5":0,"6":0},"b":{"0":[0,0]}}
,"C:\\Users\\philr\\Desktop\\tech exam\\finestar-apparel\\src\\utils\\downloadReceiptPDF.ts": {"path":"C:\\Users\\philr\\Desktop\\tech exam\\finestar-apparel\\src\\utils\\downloadReceiptPDF.ts","statementMap":{"0":{"start":{"line":3,"column":0},"end":{"line":3,"column":16}},"1":{"start":{"line":1,"column":0},"end":{"line":1,"column":26}},"2":{"start":{"line":22,"column":14},"end":{"line":22,"column":25}},"3":{"start":{"line":23,"column":10},"end":{"line":23,"column":12}},"4":{"start":{"line":24,"column":2},"end":{"line":24,"column":22}},"5":{"start":{"line":25,"column":2},"end":{"line":25,"column":35}},"6":{"start":{"line":26,"column":2},"end":{"line":26,"column":10}},"7":{"start":{"line":27,"column":2},"end":{"line":27,"column":22}},"8":{"start":{"line":28,"column":2},"end":{"line":28,"column":35}},"9":{"start":{"line":29,"column":2},"end":{"line":29,"column":9}},"10":{"start":{"line":30,"column":2},"end":{"line":30,"column":52}},"11":{"start":{"line":31,"column":2},"end":{"line":31,"column":9}},"12":{"start":{"line":32,"column":2},"end":{"line":32,"column":56}},"13":{"start":{"line":33,"column":2},"end":{"line":33,"column":9}},"14":{"start":{"line":34,"column":2},"end":{"line":34,"column":60}},"15":{"start":{"line":35,"column":2},"end":{"line":35,"column":10}},"16":{"start":{"line":36,"column":2},"end":{"line":36,"column":28}},"17":{"start":{"line":37,"column":2},"end":{"line":37,"column":9}},"18":{"start":{"line":38,"column":2},"end":{"line":45,"column":5}},"19":{"start":{"line":39,"column":4},"end":{"line":43,"column":6}},"20":{"start":{"line":44,"column":4},"end":{"line":44,"column":11}},"21":{"start":{"line":46,"column":2},"end":{"line":46,"column":26}}},"fnMap":{"0":{"name":"downloadReceiptPDF","decl":{"start":{"line":3,"column":16},"end":{"line":3,"column":34}},"loc":{"start":{"line":21,"column":1},"end":{"line":47,"column":1}}},"1":{"name":"(anonymous_2)","decl":{"start":{"line":38,"column":16},"end":{"line":38,"column":17}},"loc":{"start":{"line":38,"column":30},"end":{"line":45,"column":3}}}},"branchMap":{},"s":{"0":1,"1":1,"2":0,"3":0,"4":0,"5":0,"6":0,"7":0,"8":0,"9":0,"10":0,"11":0,"12":0,"13":0,"14":0,"15":0,"16":0,"17":0,"18":0,"19":0,"20":0,"21":0},"f":{"0":0,"1":0},"b":{}}
}
