TN:
SF:src\components\Button.tsx
FN:5,(anonymous_0)
FNF:1
FNH:1
FNDA:65,(anonymous_0)
DA:3,7
DA:5,7
DA:13,65
DA:14,65
DA:15,65
DA:53,7
LF:6
LH:6
BRDA:6,0,0,3
BRDA:8,1,0,65
BRDA:9,2,0,48
BRDA:18,3,0,65
BRDA:18,3,1,62
BRDA:21,4,0,3
BRDA:21,4,1,62
BRF:7
BRH:7
end_of_record
TN:
SF:src\components\Cart.tsx
FN:8,(anonymous_0)
FN:9,(anonymous_1)
FN:15,(anonymous_2)
FN:21,(anonymous_3)
FN:32,(anonymous_4)
FN:38,(anonymous_5)
FN:51,(anonymous_6)
FN:53,(anonymous_7)
FN:58,(anonymous_8)
FN:60,(anonymous_9)
FN:73,(anonymous_10)
FN:87,(anonymous_11)
FN:91,(anonymous_12)
FN:120,(anonymous_13)
FN:139,(anonymous_14)
FN:169,(anonymous_15)
FNF:16
FNH:16
FNDA:28,(anonymous_0)
FNDA:25,(anonymous_1)
FNDA:3,(anonymous_2)
FNDA:3,(anonymous_3)
FNDA:2,(anonymous_4)
FNDA:2,(anonymous_5)
FNDA:25,(anonymous_6)
FNDA:25,(anonymous_7)
FNDA:3,(anonymous_8)
FNDA:2,(anonymous_9)
FNDA:23,(anonymous_10)
FNDA:23,(anonymous_11)
FNDA:23,(anonymous_12)
FNDA:2,(anonymous_13)
FNDA:3,(anonymous_14)
FNDA:23,(anonymous_15)
DA:1,3
DA:2,3
DA:3,3
DA:5,3
DA:6,3
DA:8,3
DA:9,28
DA:10,25
DA:12,25
DA:13,25
DA:15,25
DA:19,3
DA:20,3
DA:22,3
DA:28,3
DA:29,3
DA:32,25
DA:37,2
DA:38,2
DA:39,2
DA:45,2
DA:46,2
DA:49,25
DA:51,25
DA:52,25
DA:53,25
DA:58,25
DA:59,3
DA:60,3
DA:61,2
DA:62,2
DA:72,25
DA:74,23
DA:75,23
DA:76,23
DA:81,25
DA:88,23
DA:92,23
DA:121,2
DA:139,3
DA:169,23
DA:193,3
LF:42
LH:42
BRDA:23,0,0,3
BRDA:23,0,1,3
BRDA:23,0,2,3
BRDA:39,1,0,2
BRDA:39,1,1,0
BRDA:39,2,0,2
BRDA:39,2,1,2
BRDA:39,2,2,2
BRDA:74,3,0,23
BRDA:74,3,1,0
BRDA:83,4,0,2
BRDA:83,4,1,23
BRDA:149,5,0,5
BRDA:149,5,1,18
BRDA:184,6,0,3
BRDA:184,6,1,20
BRF:16
BRH:14
end_of_record
TN:
SF:src\components\Checkout.tsx
FN:13,(anonymous_1)
FN:22,(anonymous_2)
FN:37,(anonymous_3)
FN:38,(anonymous_4)
FN:40,(anonymous_5)
FN:43,(anonymous_6)
FN:64,(anonymous_7)
FN:70,(anonymous_8)
FN:82,(anonymous_9)
FN:94,(anonymous_10)
FN:107,(anonymous_11)
FNF:11
FNH:11
FNDA:17,(anonymous_1)
FNDA:9,(anonymous_2)
FNDA:7,(anonymous_3)
FNDA:7,(anonymous_4)
FNDA:4,(anonymous_5)
FNDA:3,(anonymous_6)
FNDA:1,(anonymous_7)
FNDA:1,(anonymous_8)
FNDA:1,(anonymous_9)
FNDA:11,(anonymous_10)
FNDA:1,(anonymous_11)
DA:1,2
DA:2,2
DA:4,2
DA:5,2
DA:6,2
DA:7,2
DA:8,2
DA:9,2
DA:10,2
DA:13,2
DA:14,17
DA:15,14
DA:16,14
DA:17,14
DA:18,14
DA:19,14
DA:22,14
DA:23,9
DA:24,3
DA:25,3
DA:34,14
DA:35,14
DA:37,14
DA:38,14
DA:40,14
DA:41,4
DA:43,4
DA:44,3
DA:45,3
DA:46,3
DA:47,3
DA:48,3
DA:52,14
DA:53,3
DA:65,1
DA:70,1
DA:82,1
DA:89,11
DA:95,11
DA:107,1
DA:128,2
LF:41
LH:41
BRDA:16,0,0,0
BRDA:16,1,0,0
BRDA:16,2,0,14
BRDA:16,2,1,0
BRDA:23,3,0,6
BRDA:23,3,1,3
BRDA:37,4,0,1
BRDA:37,4,1,6
BRDA:52,5,0,3
BRDA:52,5,1,11
BRDA:110,6,0,1
BRDA:110,6,1,10
BRDA:111,7,0,1
BRDA:111,7,1,10
BRDA:122,8,0,4
BRDA:122,8,1,7
BRF:16
BRH:13
end_of_record
TN:
SF:src\components\Input.tsx
FN:5,(anonymous_0)
FNF:1
FNH:1
FNDA:27,(anonymous_0)
DA:3,5
DA:5,5
DA:11,27
DA:21,5
LF:4
LH:4
BRDA:12,0,0,27
BRDA:12,0,1,0
BRF:2
BRH:1
end_of_record
TN:
SF:src\components\NavBar.tsx
FN:10,(anonymous_1)
FN:12,(anonymous_2)
FN:14,(anonymous_3)
FN:15,(anonymous_4)
FN:16,(anonymous_5)
FN:19,(anonymous_6)
FN:19,(anonymous_7)
FNF:7
FNH:4
FNDA:13,(anonymous_1)
FNDA:12,(anonymous_2)
FNDA:0,(anonymous_3)
FNDA:12,(anonymous_4)
FNDA:16,(anonymous_5)
FNDA:0,(anonymous_6)
FNDA:0,(anonymous_7)
DA:1,1
DA:2,1
DA:3,1
DA:4,1
DA:5,1
DA:7,1
DA:8,1
DA:10,1
DA:11,13
DA:12,12
DA:13,12
DA:14,12
DA:15,12
DA:16,16
DA:19,12
DA:21,12
DA:63,1
LF:17
LH:17
BRDA:35,0,0,12
BRDA:35,0,1,8
BRDA:45,1,0,12
BRDA:45,1,1,0
BRDA:53,2,0,0
BRDA:53,2,1,0
BRDA:54,3,0,0
BRDA:54,3,1,0
BRF:8
BRH:3
end_of_record
TN:
SF:src\components\ProductItem.tsx
FN:7,(anonymous_1)
FN:11,(anonymous_2)
FN:18,(anonymous_3)
FN:19,(anonymous_4)
FN:27,(anonymous_5)
FN:44,(anonymous_6)
FNF:6
FNH:5
FNDA:13,(anonymous_1)
FNDA:2,(anonymous_2)
FNDA:3,(anonymous_3)
FNDA:0,(anonymous_4)
FNDA:1,(anonymous_5)
FNDA:26,(anonymous_6)
DA:1,2
DA:2,2
DA:3,2
DA:4,2
DA:7,2
DA:8,13
DA:9,13
DA:11,13
DA:12,2
DA:13,2
DA:14,2
DA:15,2
DA:18,13
DA:19,13
DA:21,13
DA:28,1
DA:29,1
DA:30,1
DA:31,1
DA:44,26
DA:61,2
LF:21
LH:21
BRDA:23,0,0,12
BRDA:23,0,1,1
BRDA:31,1,0,1
BRDA:31,1,1,0
BRDA:35,2,0,13
BRDA:35,2,1,1
BRDA:43,3,0,13
BRDA:43,3,1,0
BRF:8
BRH:6
end_of_record
TN:
SF:src\components\ProductList.tsx
FN:11,(anonymous_1)
FN:21,(anonymous_2)
FN:24,(anonymous_3)
FN:25,(anonymous_4)
FN:47,(anonymous_5)
FN:52,(anonymous_6)
FN:59,(anonymous_7)
FN:79,(anonymous_8)
FN:81,(anonymous_9)
FN:89,(anonymous_10)
FN:90,(anonymous_11)
FN:104,(anonymous_12)
FN:107,(anonymous_13)
FN:124,(anonymous_14)
FN:132,(anonymous_15)
FN:133,(anonymous_16)
FN:143,(anonymous_17)
FNF:17
FNH:16
FNDA:22,(anonymous_1)
FNDA:19,(anonymous_2)
FNDA:8,(anonymous_3)
FNDA:8,(anonymous_4)
FNDA:2,(anonymous_5)
FNDA:1,(anonymous_6)
FNDA:0,(anonymous_7)
FNDA:15,(anonymous_8)
FNDA:14,(anonymous_9)
FNDA:18,(anonymous_10)
FNDA:9,(anonymous_11)
FNDA:1,(anonymous_12)
FNDA:1,(anonymous_13)
FNDA:2,(anonymous_14)
FNDA:1,(anonymous_15)
FNDA:1,(anonymous_16)
FNDA:19,(anonymous_17)
DA:1,2
DA:2,2
DA:3,2
DA:5,2
DA:6,2
DA:8,2
DA:9,2
DA:11,2
DA:12,22
DA:13,21
DA:14,21
DA:15,21
DA:16,21
DA:17,21
DA:18,21
DA:20,21
DA:21,19
DA:24,19
DA:25,8
DA:26,8
DA:27,8
DA:28,7
DA:29,0
DA:31,7
DA:32,7
DA:34,1
DA:35,1
DA:37,0
DA:40,8
DA:44,8
DA:47,19
DA:49,2
DA:51,2
DA:53,1
DA:58,2
DA:59,0
DA:60,0
DA:63,2
DA:73,2
DA:74,2
DA:79,19
DA:80,15
DA:81,15
DA:82,14
DA:89,19
DA:90,18
DA:91,9
DA:92,9
DA:93,6
DA:94,3
DA:95,0
DA:96,3
DA:97,3
DA:99,9
DA:104,19
DA:105,1
DA:106,1
DA:107,1
DA:110,19
DA:111,8
DA:114,11
DA:115,1
DA:118,10
DA:124,2
DA:133,1
DA:134,1
DA:144,19
DA:155,2
LF:68
LH:63
BRDA:28,0,0,0
BRDA:28,0,1,7
BRDA:34,1,0,1
BRDA:34,1,1,0
BRDA:53,2,0,1
BRDA:53,2,1,0
BRDA:53,2,2,0
BRDA:58,3,0,0
BRDA:58,3,1,2
BRDA:60,4,0,0
BRDA:60,4,1,0
BRDA:82,5,0,14
BRDA:82,5,1,1
BRDA:82,5,2,1
BRDA:92,6,0,6
BRDA:92,6,1,3
BRDA:94,7,0,0
BRDA:94,7,1,3
BRDA:96,8,0,3
BRDA:96,8,1,0
BRDA:99,9,0,8
BRDA:99,9,1,1
BRDA:110,10,0,8
BRDA:110,10,1,11
BRDA:114,11,0,1
BRDA:114,11,1,10
BRDA:134,12,0,1
BRDA:134,12,1,0
BRDA:139,13,0,9
BRDA:139,13,1,1
BRF:30
BRH:20
end_of_record
TN:
SF:src\components\ProductModal.tsx
FN:7,(anonymous_1)
FN:18,(anonymous_2)
FN:23,(anonymous_3)
FN:24,(anonymous_4)
FN:33,(anonymous_5)
FN:36,(anonymous_6)
FN:44,(anonymous_7)
FN:59,(anonymous_8)
FNF:8
FNH:8
FNDA:17,(anonymous_1)
FNDA:9,(anonymous_2)
FNDA:9,(anonymous_3)
FNDA:16,(anonymous_4)
FNDA:1,(anonymous_5)
FNDA:2,(anonymous_6)
FNDA:1,(anonymous_7)
FNDA:1,(anonymous_8)
DA:1,2
DA:2,2
DA:3,2
DA:4,2
DA:7,2
DA:14,17
DA:18,17
DA:19,9
DA:22,17
DA:24,9
DA:25,16
DA:32,17
DA:34,1
DA:35,1
DA:36,2
DA:42,17
DA:44,16
DA:45,1
DA:46,1
DA:47,1
DA:51,16
DA:52,16
DA:60,1
DA:61,1
DA:62,0
DA:107,2
LF:26
LH:25
BRDA:19,0,0,8
BRDA:19,0,1,1
BRDA:19,1,0,8
BRDA:19,1,1,1
BRDA:36,2,0,1
BRDA:36,2,1,0
BRDA:36,3,0,2
BRDA:36,3,1,1
BRDA:42,4,0,1
BRDA:42,4,1,16
BRDA:45,5,0,1
BRDA:45,5,1,0
BRDA:56,6,0,16
BRDA:56,6,1,2
BRDA:61,7,0,0
BRDA:61,7,1,1
BRDA:70,8,0,8
BRDA:70,8,1,8
BRDA:80,9,0,8
BRDA:80,9,1,8
BRF:20
BRH:17
end_of_record
TN:
SF:src\components\ProductSearch.tsx
FN:10,(anonymous_1)
FN:16,(anonymous_2)
FN:18,(anonymous_3)
FN:23,(anonymous_4)
FN:29,(anonymous_5)
FN:39,(anonymous_6)
FNF:6
FNH:6
FNDA:16,(anonymous_1)
FNDA:12,(anonymous_2)
FNDA:2,(anonymous_3)
FNDA:12,(anonymous_4)
FNDA:7,(anonymous_5)
FNDA:5,(anonymous_6)
DA:1,2
DA:2,2
DA:10,2
DA:11,16
DA:15,16
DA:16,16
DA:17,12
DA:18,12
DA:19,2
DA:23,16
DA:24,12
DA:29,16
DA:30,7
DA:33,16
DA:39,5
DA:67,2
LF:16
LH:16
BRDA:17,0,0,6
BRDA:17,0,1,6
BRDA:42,1,0,16
BRDA:42,1,1,1
BRF:4
BRH:4
end_of_record
TN:
SF:src\pages\CartPage.tsx
FN:5,(anonymous_1)
FNF:1
FNH:1
FNDA:3,(anonymous_1)
DA:2,1
DA:3,1
DA:5,1
DA:6,3
DA:14,1
LF:5
LH:5
BRF:0
BRH:0
end_of_record
TN:
SF:src\pages\CheckoutPage.tsx
FN:5,(anonymous_1)
FNF:1
FNH:1
FNDA:3,(anonymous_1)
DA:2,1
DA:3,1
DA:5,1
DA:6,3
DA:14,1
LF:5
LH:5
BRF:0
BRH:0
end_of_record
TN:
SF:src\pages\Home.tsx
FN:4,(anonymous_1)
FNF:1
FNH:1
FNDA:3,(anonymous_1)
DA:2,1
DA:4,1
DA:5,3
DA:25,1
LF:4
LH:4
BRF:0
BRH:0
end_of_record
TN:
SF:src\redux\api\cartApi.ts
FN:6,fetchCart
FN:20,saveCart
FN:30,clearCartApi
FNF:3
FNH:0
FNDA:0,fetchCart
FNDA:0,saveCart
FNDA:0,clearCartApi
DA:2,3
DA:6,3
DA:7,0
DA:8,0
DA:9,0
DA:20,3
DA:21,0
DA:26,0
DA:27,0
DA:30,3
DA:31,0
DA:35,0
DA:36,0
LF:13
LH:4
BRDA:8,0,0,0
BRDA:8,0,1,0
BRDA:26,1,0,0
BRDA:26,1,1,0
BRDA:35,2,0,0
BRDA:35,2,1,0
BRF:6
BRH:0
end_of_record
TN:
SF:src\redux\slices\cartSlice.ts
FN:11,(anonymous_0)
FN:19,(anonymous_1)
FN:25,(anonymous_2)
FN:34,(anonymous_3)
FN:36,(anonymous_4)
FN:39,(anonymous_5)
FN:42,(anonymous_6)
FNF:7
FNH:0
FNDA:0,(anonymous_0)
FNDA:0,(anonymous_1)
FNDA:0,(anonymous_2)
FNDA:0,(anonymous_3)
FNDA:0,(anonymous_4)
FNDA:0,(anonymous_5)
FNDA:0,(anonymous_6)
DA:1,3
DA:3,3
DA:7,3
DA:11,3
DA:12,0
DA:14,0
DA:17,3
DA:20,0
DA:21,0
DA:25,3
DA:26,0
DA:27,0
DA:30,3
DA:35,0
DA:37,0
DA:40,0
DA:43,0
DA:49,3
LF:18
LH:8
BRDA:14,0,0,0
BRDA:14,0,1,0
BRF:2
BRH:0
end_of_record
TN:
SF:src\utils\downloadReceiptPDF.ts
FN:3,downloadReceiptPDF
FN:38,(anonymous_2)
FNF:2
FNH:0
FNDA:0,downloadReceiptPDF
FNDA:0,(anonymous_2)
DA:1,1
DA:3,1
DA:22,0
DA:23,0
DA:24,0
DA:25,0
DA:26,0
DA:27,0
DA:28,0
DA:29,0
DA:30,0
DA:31,0
DA:32,0
DA:33,0
DA:34,0
DA:35,0
DA:36,0
DA:37,0
DA:38,0
DA:39,0
DA:44,0
DA:46,0
LF:22
LH:2
BRF:0
BRH:0
end_of_record
